{"logTime": "0708/215301", "correlationVector":"SrYNO68ZzPY3sF/dChmF/I.1","action":"SyncServerConnectionManagerRequest", "result":"SYNC_SERVER_OK", "context":{"environment":"Prod_brazilsouth_prod-s01-034-sam-brazilsouth", "migrationStage":"NotStarted", "server":"akswtt10200000b"}}
{"logTime": "0708/215301", "correlationVector":"SrYNO68ZzPY3sF/dChmF/I.2","action":"ProcessGetUpdates", "result":"Done", "context":{"dataType":"Encryption Keys", "deleted":"0", "process_failed_to_decrypt":"0", "process_pending_decryption":"0", "process_success":"1", "total":"1"}}
{"logTime": "0708/215301", "correlationVector":"x7NvR33eR34e6p2GQi7tKb","action":"SyncServerConnectionManagerRequest", "result":"SYNC_SERVER_OK", "context":{"environment":"", "migrationStage":"", "server":""}}
{"logTime": "0708/215301", "correlationVector":"x7NvR33eR34e6p2GQi7tKb.0","action":"EncryptionKeysFetcher.DownloadKeys:", "result":"Success", "context":Key count: 8, Last key timestamp: 2026-07-08T01:00:48Z}
{"logTime": "0708/215301", "correlationVector":"x7NvR33eR34e6p2GQi7tKb.1","action":"EncryptionKeysManager::SetEncryptionKeys:", "result":"Success", "context":Key names[8]:[li2BS5/g8ZbHV3MxZLw2c+MBAK6CEkfaxj4Ggqt3bT8aIvVsh6EImW3Rz+C1+e0iaHsRB5EAMMX8rrS4UEVJ3g==][hdSzoPDhnC0EXbK0PT9MjyCmLsQ/LYiIxuQBBsA7sU+717g7Zumro6CShBBNrHvLnludFnCCe0mMmh0B8jGY4A==][VeKV8GB4d6j+YcdyBA9RzrRntubkmF27wNOSweGf3kdvefXptr0zDhG59ZNxkk6AP9tqoC9Yra+ow/C64ZUUSg==][9J9nlRHwtepQ2Vjpe7UPJTgMS0q+UdXLEkE/d6Bf3VvZB6jNVezT1UQJhUEeKx6P+KL66WpSnsWkKRECljWFAQ==][CP644II3kpLT5DQnyjAW4JE8Sd9nX5F7Ri+kK5iVMrhkopBqx1I4W3wVGk4+qvhrvca4dhYo0S6bn5w5r5clwA==][p6HQvX+ksx2XYU73jIbggHsSKvrkCUbbQduI0ULRWX6JzEMzFRoEm815tswTfOfyFJDhNq+g1zT5VJyE3fxRtQ==][wCuE+gLshn4/3LjVdDdgLE0sDU5hJYCQg7V8zr15ILyrSOJeCvCiLgEGNVfu5h7gZ8NO5GgryMCqaWDHYVIv4Q==][dphwRlMdglTkqIaD44B46W+JvGnGdTUCpSTmcxpV7r4xXRtlFfS4GGUWOPqQvkzaXGs/6HN+3LHCFpkP2am6mw==]}
{"logTime": "0708/215301", "correlationVector":"x7NvR33eR34e6p2GQi7tKb.2","action":"EncryptionKeysManager::SetEncryptionKeysWithTimestamps:", "result":"Success", "context":Key timestamps[8]:[2022-01-06T14:55:20Z][2023-06-17T15:47:18Z][2024-03-27T01:00:29Z][2024-07-31T00:37:53Z][2024-10-12T17:33:25Z][2024-11-25T14:31:18Z][2025-05-31T18:49:10Z][2026-07-08T01:00:48Z]}
{"logTime": "0708/215301", "correlationVector":"SrYNO68ZzPY3sF/dChmF/I","action":"Initial GetUpdates", "result":"", "context":Reason: NEW_CLIENT. cV=SrYNO68ZzPY3sF/dChmF/I}
{"logTime": "0708/215301", "correlationVector":"SrYNO68ZzPY3sF/dChmF/I.3","action":"GetUpdates Response", "result":"Success", "context":Received 1 update(s). cV=SrYNO68ZzPY3sF/dChmF/I.0;server=akswtt10200000b;cloudType=Consumer;environment=Prod_brazilsouth_prod-s01-034-sam-brazilsouth;migrationStage=NotStarted}
{"logTime": "0708/215301", "correlationVector":"rfRpwqrx0UcKeTpfopJU7l","action":"Initial GetUpdates", "result":"", "context":Reason: NEWLY_SUPPORTED_DATATYPE. cV=rfRpwqrx0UcKeTpfopJU7l}
{"logTime": "0708/215302", "correlationVector":"rfRpwqrx0UcKeTpfopJU7l.1","action":"SyncServerConnectionManagerRequest", "result":"SYNC_SERVER_OK", "context":{"environment":"Prod_brazilsouth_prod-s01-034-sam-brazilsouth", "migrationStage":"NotStarted", "server":"akswtt102000002"}}
{"logTime": "0708/215302", "correlationVector":"rfRpwqrx0UcKeTpfopJU7l.2","action":"ProcessGetUpdates", "result":"Done", "context":{"dataType":"Passwords", "deleted":"0", "process_failed_to_decrypt":"0", "process_pending_decryption":"0", "process_success":"3", "total":"3"}}
{"logTime": "0708/215302", "correlationVector":"rfRpwqrx0UcKeTpfopJU7l.3","action":"ProcessGetUpdates", "result":"Done", "context":{"dataType":"Device Info", "deleted":"0", "process_failed_to_decrypt":"0", "process_pending_decryption":"0", "process_success":"18", "total":"18"}}
{"logTime": "0708/215302", "correlationVector":"rfRpwqrx0UcKeTpfopJU7l.4","action":"GetUpdates Response", "result":"Success", "context":Received 21 update(s). cV=rfRpwqrx0UcKeTpfopJU7l.0;server=akswtt102000002;cloudType=Consumer;environment=Prod_brazilsouth_prod-s01-034-sam-brazilsouth;migrationStage=NotStarted}
{"logTime": "0708/215302", "correlationVector":"FxIhOLFCdP25VT/HV9z8QH","action":"Initial GetUpdates", "result":"", "context":Reason: NEWLY_SUPPORTED_DATATYPE. cV=FxIhOLFCdP25VT/HV9z8QH}
{"logTime": "0708/215302", "correlationVector":"FxIhOLFCdP25VT/HV9z8QH.1","action":"SyncServerConnectionManagerRequest", "result":"SYNC_SERVER_OK", "context":{"environment":"Prod_brazilsouth_prod-s01-034-sam-brazilsouth", "migrationStage":"NotStarted", "server":"akswtt10200000f"}}
{"logTime": "0708/215302", "correlationVector":"FxIhOLFCdP25VT/HV9z8QH.2","action":"ProcessGetUpdates", "result":"Done", "context":{"dataType":"Bookmarks", "deleted":"0", "process_failed_to_decrypt":"0", "process_pending_decryption":"0", "process_success":"6", "total":"6"}}
{"logTime": "0708/215302", "correlationVector":"FxIhOLFCdP25VT/HV9z8QH.3","action":"ProcessGetUpdates", "result":"Done", "context":{"dataType":"Preferences", "deleted":"0", "process_failed_to_decrypt":"0", "process_pending_decryption":"0", "process_success":"44", "total":"44"}}
{"logTime": "0708/215302", "correlationVector":"FxIhOLFCdP25VT/HV9z8QH.4","action":"ProcessGetUpdates", "result":"Done", "context":{"dataType":"Autofill Profiles", "deleted":"0", "process_failed_to_decrypt":"0", "process_pending_decryption":"0", "process_success":"3", "total":"3"}}
{"logTime": "0708/215302", "correlationVector":"FxIhOLFCdP25VT/HV9z8QH.5","action":"ProcessGetUpdates", "result":"Done", "context":{"dataType":"Autofill", "deleted":"0", "process_failed_to_decrypt":"0", "process_pending_decryption":"0", "process_success":"21", "total":"21"}}
{"logTime": "0708/215302", "correlationVector":"FxIhOLFCdP25VT/HV9z8QH.6","action":"ProcessGetUpdates", "result":"Done", "context":{"dataType":"Sessions", "deleted":"0", "process_failed_to_decrypt":"0", "process_pending_decryption":"0", "process_success":"33", "total":"33"}}
{"logTime": "0708/215303", "correlationVector":"FxIhOLFCdP25VT/HV9z8QH.7","action":"GetUpdates Response", "result":"Success", "context":Received 107 update(s). cV=FxIhOLFCdP25VT/HV9z8QH.0;server=akswtt10200000f;cloudType=Consumer;environment=Prod_brazilsouth_prod-s01-034-sam-brazilsouth;migrationStage=NotStarted}
{"logTime": "0708/215303", "correlationVector":"ETeGozIhCHJUUmpohfId7D","action":"Initial GetUpdates", "result":"", "context":Reason: NEWLY_SUPPORTED_DATATYPE. cV=ETeGozIhCHJUUmpohfId7D}
{"logTime": "0708/215303", "correlationVector":"ETeGozIhCHJUUmpohfId7D.1","action":"SyncServerConnectionManagerRequest", "result":"SYNC_SERVER_OK", "context":{"environment":"Prod_brazilsouth_prod-s01-034-sam-brazilsouth", "migrationStage":"NotStarted", "server":"akswtt10200000p"}}
{"logTime": "0708/215303", "correlationVector":"ETeGozIhCHJUUmpohfId7D.2","action":"GetUpdates Response", "result":"Success", "context":Received 0 update(s). cV=ETeGozIhCHJUUmpohfId7D.0;server=akswtt10200000p;cloudType=Consumer;environment=Prod_brazilsouth_prod-s01-034-sam-brazilsouth;migrationStage=NotStarted}
{"logTime": "0708/215303", "correlationVector":"iybMZ21jdCU2/rozGt8c1C","action":"Normal GetUpdate request", "result":"", "context":cV=iybMZ21jdCU2/rozGt8c1C
Nudged types: Sessions, Device Info, User Consents, Edge Hub App Usage
Refresh requested types: Bookmarks, Preferences, Passwords, Autofill Profiles, Autofill, Extensions, Sessions, Extension settings, History Delete Directives, Device Info, User Consents, Send Tab To Self, Web Apps, History, Saved Tab Group, WebAuthn Credentials, Edge E Drop, Edge Hub App Usage, Edge Workspace, Encryption Keys}
{"logTime": "0708/215304", "correlationVector":"iybMZ21jdCU2/rozGt8c1C.1","action":"SyncServerConnectionManagerRequest", "result":"SYNC_SERVER_OK", "context":{"environment":"Prod_brazilsouth_prod-s01-034-sam-brazilsouth", "migrationStage":"NotStarted", "server":"akswtt10200000q"}}
{"logTime": "0708/215304", "correlationVector":"iybMZ21jdCU2/rozGt8c1C.2","action":"GetUpdates Response", "result":"Success", "context":Received 0 update(s). cV=iybMZ21jdCU2/rozGt8c1C.0;server=akswtt10200000q;cloudType=Consumer;environment=Prod_brazilsouth_prod-s01-034-sam-brazilsouth;migrationStage=NotStarted}
